<?xml version="1.0" encoding="UTF-8"?>
<testng-results skipped="6" failed="1" ignored="0" total="8" passed="1">
  <reporter-output>
  </reporter-output>
  <suite name="Default suite" duration-ms="17693" started-at="2017-12-29T10:21:44Z" finished-at="2017-12-29T10:22:01Z">
    <groups>
    </groups>
    <test name="Default test" duration-ms="17693" started-at="2017-12-29T10:21:44Z" finished-at="2017-12-29T10:22:01Z">
      <class name="Test_Cases.Average_ScorepageLoadtime_SingleWorksheet">
        <test-method status="PASS" signature="Openbrowser()[pri:0, instance:Test_Cases.Average_ScorepageLoadtime_SingleWorksheet@576f63f6]" name="Openbrowser" is-config="true" duration-ms="5303" started-at="2017-12-29T15:51:38Z" finished-at="2017-12-29T15:51:44Z">
          <reporter-output>
          </reporter-output>
        </test-method> <!-- Openbrowser -->
        <test-method status="PASS" signature="Login()[pri:1, instance:Test_Cases.Average_ScorepageLoadtime_SingleWorksheet@576f63f6]" name="Login" duration-ms="6796" started-at="2017-12-29T15:51:44Z" finished-at="2017-12-29T15:51:50Z">
          <reporter-output>
          </reporter-output>
        </test-method> <!-- Login -->
        <test-method status="PASS" signature="tracerror(org.testng.ITestResult)[pri:0, instance:Test_Cases.Average_ScorepageLoadtime_SingleWorksheet@576f63f6]" name="tracerror" is-config="true" duration-ms="2" started-at="2017-12-29T15:51:50Z" finished-at="2017-12-29T15:51:50Z">
          <params>
            <param index="0">
              <value>
                <![CDATA[[TestResult name=Login status=SUCCESS method=Average_ScorepageLoadtime_SingleWorksheet.Login()[pri:1, instance:Test_Cases.Average_ScorepageLoadtime_SingleWorksheet@576f63f6] output={null}]]]>
              </value>
            </param>
          </params>
          <reporter-output>
          </reporter-output>
        </test-method> <!-- tracerror -->
        <test-method status="FAIL" signature="select_class()[pri:0, instance:Test_Cases.Average_ScorepageLoadtime_SingleWorksheet@576f63f6]" name="select_class" duration-ms="5054" started-at="2017-12-29T15:51:50Z" depends-on-methods="Test_Cases.Average_ScorepageLoadtime_SingleWorksheet.Login" finished-at="2017-12-29T15:51:55Z">
          <exception class="org.openqa.selenium.NoSuchElementException">
            <message>
              <![CDATA[no such element: Unable to locate element: {"method":"partial link text","selector":"Online"}
  (Session info: chrome=63.0.3239.84)
  (Driver info: chromedriver=2.33.506120 (e3e53437346286c0bc2d2dc9aa4915ba81d9023f),platform=Windows NT 6.1.7601 SP1 x86_64) (WARNING: The server did not provide any stacktrace information)
Command duration or timeout: 0 milliseconds
For documentation on this error, please visit: http://seleniumhq.org/exceptions/no_such_element.html
Build info: version: '3.8.0', revision: '924c4067df', time: '2017-11-30T11:20:39.408Z'
System info: host: 'NET04-PC', ip: '192.168.5.62', os.name: 'Windows 7', os.arch: 'amd64', os.version: '6.1', java.version: '1.8.0_40'
Driver info: org.openqa.selenium.chrome.ChromeDriver
Capabilities {acceptSslCerts: true, applicationCacheEnabled: false, browserConnectionEnabled: false, browserName: chrome, chrome: {chromedriverVersion: 2.33.506120 (e3e53437346286..., userDataDir: C:\Users\SIDDHA~1\AppData\L...}, cssSelectorsEnabled: true, databaseEnabled: false, handlesAlerts: true, hasTouchScreen: false, javascriptEnabled: true, locationContextEnabled: true, mobileEmulationEnabled: false, nativeEvents: true, networkConnectionEnabled: false, pageLoadStrategy: normal, platform: XP, platformName: XP, rotatable: false, setWindowRect: true, takesHeapSnapshot: true, takesScreenshot: true, unexpectedAlertBehaviour: , unhandledPromptBehavior: , version: 63.0.3239.84, webStorageEnabled: true}
Session ID: ef6395fce7ded5c0d7a18816995fa1d4
*** Element info: {Using=partial link text, value=Online}]]>
            </message>
            <full-stacktrace>
              <![CDATA[org.openqa.selenium.NoSuchElementException: no such element: Unable to locate element: {"method":"partial link text","selector":"Online"}
  (Session info: chrome=63.0.3239.84)
  (Driver info: chromedriver=2.33.506120 (e3e53437346286c0bc2d2dc9aa4915ba81d9023f),platform=Windows NT 6.1.7601 SP1 x86_64) (WARNING: The server did not provide any stacktrace information)
Command duration or timeout: 0 milliseconds
For documentation on this error, please visit: http://seleniumhq.org/exceptions/no_such_element.html
Build info: version: '3.8.0', revision: '924c4067df', time: '2017-11-30T11:20:39.408Z'
System info: host: 'NET04-PC', ip: '192.168.5.62', os.name: 'Windows 7', os.arch: 'amd64', os.version: '6.1', java.version: '1.8.0_40'
Driver info: org.openqa.selenium.chrome.ChromeDriver
Capabilities {acceptSslCerts: true, applicationCacheEnabled: false, browserConnectionEnabled: false, browserName: chrome, chrome: {chromedriverVersion: 2.33.506120 (e3e53437346286..., userDataDir: C:\Users\SIDDHA~1\AppData\L...}, cssSelectorsEnabled: true, databaseEnabled: false, handlesAlerts: true, hasTouchScreen: false, javascriptEnabled: true, locationContextEnabled: true, mobileEmulationEnabled: false, nativeEvents: true, networkConnectionEnabled: false, pageLoadStrategy: normal, platform: XP, platformName: XP, rotatable: false, setWindowRect: true, takesHeapSnapshot: true, takesScreenshot: true, unexpectedAlertBehaviour: , unhandledPromptBehavior: , version: 63.0.3239.84, webStorageEnabled: true}
Session ID: ef6395fce7ded5c0d7a18816995fa1d4
*** Element info: {Using=partial link text, value=Online}
	at sun.reflect.NativeConstructorAccessorImpl.newInstance0(Native Method)
	at sun.reflect.NativeConstructorAccessorImpl.newInstance(NativeConstructorAccessorImpl.java:62)
	at sun.reflect.DelegatingConstructorAccessorImpl.newInstance(DelegatingConstructorAccessorImpl.java:45)
	at java.lang.reflect.Constructor.newInstance(Constructor.java:422)
	at org.openqa.selenium.remote.ErrorHandler.createThrowable(ErrorHandler.java:214)
	at org.openqa.selenium.remote.ErrorHandler.throwIfResponseFailed(ErrorHandler.java:166)
	at org.openqa.selenium.remote.http.JsonHttpResponseCodec.reconstructValue(JsonHttpResponseCodec.java:40)
	at org.openqa.selenium.remote.http.AbstractHttpResponseCodec.decode(AbstractHttpResponseCodec.java:80)
	at org.openqa.selenium.remote.http.AbstractHttpResponseCodec.decode(AbstractHttpResponseCodec.java:44)
	at org.openqa.selenium.remote.HttpCommandExecutor.execute(HttpCommandExecutor.java:164)
	at org.openqa.selenium.remote.service.DriverCommandExecutor.execute(DriverCommandExecutor.java:83)
	at org.openqa.selenium.remote.RemoteWebDriver.execute(RemoteWebDriver.java:601)
	at org.openqa.selenium.remote.RemoteWebDriver.findElement(RemoteWebDriver.java:371)
	at org.openqa.selenium.remote.RemoteWebDriver.findElementByPartialLinkText(RemoteWebDriver.java:433)
	at org.openqa.selenium.By$ByPartialLinkText.findElement(By.java:273)
	at org.openqa.selenium.remote.RemoteWebDriver.findElement(RemoteWebDriver.java:363)
	at org.openqa.selenium.support.pagefactory.DefaultElementLocator.findElement(DefaultElementLocator.java:69)
	at org.openqa.selenium.support.pagefactory.internal.LocatingElementHandler.invoke(LocatingElementHandler.java:38)
	at com.sun.proxy.$Proxy11.getText(Unknown Source)
	at com.pageObject.Landing.checkofdeaultclass(Landing.java:177)
	at Test_Cases.Average_ScorepageLoadtime_SingleWorksheet.select_class(Average_ScorepageLoadtime_SingleWorksheet.java:32)
	at sun.reflect.NativeMethodAccessorImpl.invoke0(Native Method)
	at sun.reflect.NativeMethodAccessorImpl.invoke(NativeMethodAccessorImpl.java:62)
	at sun.reflect.DelegatingMethodAccessorImpl.invoke(DelegatingMethodAccessorImpl.java:43)
	at java.lang.reflect.Method.invoke(Method.java:497)
	at org.testng.internal.MethodInvocationHelper.invokeMethod(MethodInvocationHelper.java:104)
	at org.testng.internal.Invoker.invokeMethod(Invoker.java:645)
	at org.testng.internal.Invoker.invokeTestMethod(Invoker.java:851)
	at org.testng.internal.Invoker.invokeTestMethods(Invoker.java:1177)
	at org.testng.internal.TestMethodWorker.invokeTestMethods(TestMethodWorker.java:129)
	at org.testng.internal.TestMethodWorker.run(TestMethodWorker.java:112)
	at org.testng.TestRunner.privateRun(TestRunner.java:756)
	at org.testng.TestRunner.run(TestRunner.java:610)
	at org.testng.SuiteRunner.runTest(SuiteRunner.java:387)
	at org.testng.SuiteRunner.runSequentially(SuiteRunner.java:382)
	at org.testng.SuiteRunner.privateRun(SuiteRunner.java:340)
	at org.testng.SuiteRunner.run(SuiteRunner.java:289)
	at org.testng.SuiteRunnerWorker.runSuite(SuiteRunnerWorker.java:52)
	at org.testng.SuiteRunnerWorker.run(SuiteRunnerWorker.java:86)
	at org.testng.TestNG.runSuitesSequentially(TestNG.java:1293)
	at org.testng.TestNG.runSuitesLocally(TestNG.java:1218)
	at org.testng.TestNG.runSuites(TestNG.java:1133)
	at org.testng.TestNG.run(TestNG.java:1104)
	at org.testng.remote.AbstractRemoteTestNG.run(AbstractRemoteTestNG.java:114)
	at org.testng.remote.RemoteTestNG.initAndRun(RemoteTestNG.java:251)
	at org.testng.remote.RemoteTestNG.main(RemoteTestNG.java:77)
]]>
            </full-stacktrace>
          </exception> <!-- org.openqa.selenium.NoSuchElementException -->
          <reporter-output>
          </reporter-output>
        </test-method> <!-- select_class -->
        <test-method status="PASS" signature="tracerror(org.testng.ITestResult)[pri:0, instance:Test_Cases.Average_ScorepageLoadtime_SingleWorksheet@576f63f6]" name="tracerror" is-config="true" duration-ms="570" started-at="2017-12-29T15:51:56Z" finished-at="2017-12-29T15:51:56Z">
          <params>
            <param index="0">
              <value>
                <![CDATA[[TestResult name=select_class status=FAILURE method=Average_ScorepageLoadtime_SingleWorksheet.select_class()[pri:0, instance:Test_Cases.Average_ScorepageLoadtime_SingleWorksheet@576f63f6] output={null}]]]>
              </value>
            </param>
          </params>
          <reporter-output>
          </reporter-output>
        </test-method> <!-- tracerror -->
        <test-method status="SKIP" signature="click_on_bookandworksheet_hidder()[pri:0, instance:Test_Cases.Average_ScorepageLoadtime_SingleWorksheet@576f63f6]" name="click_on_bookandworksheet_hidder" duration-ms="0" started-at="2017-12-29T15:51:56Z" depends-on-methods="Test_Cases.Average_ScorepageLoadtime_SingleWorksheet.select_class" finished-at="2017-12-29T15:51:56Z">
          <exception class="java.lang.Throwable">
            <message>
              <![CDATA[Method Average_ScorepageLoadtime_SingleWorksheet.click_on_bookandworksheet_hidder()[pri:0, instance:Test_Cases.Average_ScorepageLoadtime_SingleWorksheet@576f63f6] depends on not successfully finished methods]]>
            </message>
            <full-stacktrace>
              <![CDATA[java.lang.Throwable: Method Average_ScorepageLoadtime_SingleWorksheet.click_on_bookandworksheet_hidder()[pri:0, instance:Test_Cases.Average_ScorepageLoadtime_SingleWorksheet@576f63f6] depends on not successfully finished methods
	at org.testng.internal.Invoker.invokeTestMethods(Invoker.java:1068)
	at org.testng.internal.TestMethodWorker.invokeTestMethods(TestMethodWorker.java:129)
	at org.testng.internal.TestMethodWorker.run(TestMethodWorker.java:112)
	at org.testng.TestRunner.privateRun(TestRunner.java:756)
	at org.testng.TestRunner.run(TestRunner.java:610)
	at org.testng.SuiteRunner.runTest(SuiteRunner.java:387)
	at org.testng.SuiteRunner.runSequentially(SuiteRunner.java:382)
	at org.testng.SuiteRunner.privateRun(SuiteRunner.java:340)
	at org.testng.SuiteRunner.run(SuiteRunner.java:289)
	at org.testng.SuiteRunnerWorker.runSuite(SuiteRunnerWorker.java:52)
	at org.testng.SuiteRunnerWorker.run(SuiteRunnerWorker.java:86)
	at org.testng.TestNG.runSuitesSequentially(TestNG.java:1293)
	at org.testng.TestNG.runSuitesLocally(TestNG.java:1218)
	at org.testng.TestNG.runSuites(TestNG.java:1133)
	at org.testng.TestNG.run(TestNG.java:1104)
	at org.testng.remote.AbstractRemoteTestNG.run(AbstractRemoteTestNG.java:114)
	at org.testng.remote.RemoteTestNG.initAndRun(RemoteTestNG.java:251)
	at org.testng.remote.RemoteTestNG.main(RemoteTestNG.java:77)
]]>
            </full-stacktrace>
          </exception> <!-- java.lang.Throwable -->
          <reporter-output>
          </reporter-output>
        </test-method> <!-- click_on_bookandworksheet_hidder -->
        <test-method status="SKIP" signature="click_on_assignmenttype()[pri:0, instance:Test_Cases.Average_ScorepageLoadtime_SingleWorksheet@576f63f6]" name="click_on_assignmenttype" duration-ms="0" started-at="2017-12-29T15:51:56Z" depends-on-methods="Test_Cases.Average_ScorepageLoadtime_SingleWorksheet.click_on_bookandworksheet_hidder" finished-at="2017-12-29T15:51:56Z">
          <exception class="java.lang.Throwable">
            <message>
              <![CDATA[Method Average_ScorepageLoadtime_SingleWorksheet.click_on_assignmenttype()[pri:0, instance:Test_Cases.Average_ScorepageLoadtime_SingleWorksheet@576f63f6] depends on not successfully finished methods]]>
            </message>
            <full-stacktrace>
              <![CDATA[java.lang.Throwable: Method Average_ScorepageLoadtime_SingleWorksheet.click_on_assignmenttype()[pri:0, instance:Test_Cases.Average_ScorepageLoadtime_SingleWorksheet@576f63f6] depends on not successfully finished methods
	at org.testng.internal.Invoker.invokeTestMethods(Invoker.java:1068)
	at org.testng.internal.TestMethodWorker.invokeTestMethods(TestMethodWorker.java:129)
	at org.testng.internal.TestMethodWorker.run(TestMethodWorker.java:112)
	at org.testng.TestRunner.privateRun(TestRunner.java:756)
	at org.testng.TestRunner.run(TestRunner.java:610)
	at org.testng.SuiteRunner.runTest(SuiteRunner.java:387)
	at org.testng.SuiteRunner.runSequentially(SuiteRunner.java:382)
	at org.testng.SuiteRunner.privateRun(SuiteRunner.java:340)
	at org.testng.SuiteRunner.run(SuiteRunner.java:289)
	at org.testng.SuiteRunnerWorker.runSuite(SuiteRunnerWorker.java:52)
	at org.testng.SuiteRunnerWorker.run(SuiteRunnerWorker.java:86)
	at org.testng.TestNG.runSuitesSequentially(TestNG.java:1293)
	at org.testng.TestNG.runSuitesLocally(TestNG.java:1218)
	at org.testng.TestNG.runSuites(TestNG.java:1133)
	at org.testng.TestNG.run(TestNG.java:1104)
	at org.testng.remote.AbstractRemoteTestNG.run(AbstractRemoteTestNG.java:114)
	at org.testng.remote.RemoteTestNG.initAndRun(RemoteTestNG.java:251)
	at org.testng.remote.RemoteTestNG.main(RemoteTestNG.java:77)
]]>
            </full-stacktrace>
          </exception> <!-- java.lang.Throwable -->
          <reporter-output>
          </reporter-output>
        </test-method> <!-- click_on_assignmenttype -->
        <test-method status="SKIP" signature="click_on_book()[pri:0, instance:Test_Cases.Average_ScorepageLoadtime_SingleWorksheet@576f63f6]" name="click_on_book" duration-ms="0" started-at="2017-12-29T15:51:56Z" depends-on-methods="Test_Cases.Average_ScorepageLoadtime_SingleWorksheet.click_on_assignmenttype" finished-at="2017-12-29T15:51:56Z">
          <exception class="java.lang.Throwable">
            <message>
              <![CDATA[Method Average_ScorepageLoadtime_SingleWorksheet.click_on_book()[pri:0, instance:Test_Cases.Average_ScorepageLoadtime_SingleWorksheet@576f63f6] depends on not successfully finished methods]]>
            </message>
            <full-stacktrace>
              <![CDATA[java.lang.Throwable: Method Average_ScorepageLoadtime_SingleWorksheet.click_on_book()[pri:0, instance:Test_Cases.Average_ScorepageLoadtime_SingleWorksheet@576f63f6] depends on not successfully finished methods
	at org.testng.internal.Invoker.invokeTestMethods(Invoker.java:1068)
	at org.testng.internal.TestMethodWorker.invokeTestMethods(TestMethodWorker.java:129)
	at org.testng.internal.TestMethodWorker.run(TestMethodWorker.java:112)
	at org.testng.TestRunner.privateRun(TestRunner.java:756)
	at org.testng.TestRunner.run(TestRunner.java:610)
	at org.testng.SuiteRunner.runTest(SuiteRunner.java:387)
	at org.testng.SuiteRunner.runSequentially(SuiteRunner.java:382)
	at org.testng.SuiteRunner.privateRun(SuiteRunner.java:340)
	at org.testng.SuiteRunner.run(SuiteRunner.java:289)
	at org.testng.SuiteRunnerWorker.runSuite(SuiteRunnerWorker.java:52)
	at org.testng.SuiteRunnerWorker.run(SuiteRunnerWorker.java:86)
	at org.testng.TestNG.runSuitesSequentially(TestNG.java:1293)
	at org.testng.TestNG.runSuitesLocally(TestNG.java:1218)
	at org.testng.TestNG.runSuites(TestNG.java:1133)
	at org.testng.TestNG.run(TestNG.java:1104)
	at org.testng.remote.AbstractRemoteTestNG.run(AbstractRemoteTestNG.java:114)
	at org.testng.remote.RemoteTestNG.initAndRun(RemoteTestNG.java:251)
	at org.testng.remote.RemoteTestNG.main(RemoteTestNG.java:77)
]]>
            </full-stacktrace>
          </exception> <!-- java.lang.Throwable -->
          <reporter-output>
          </reporter-output>
        </test-method> <!-- click_on_book -->
        <test-method status="SKIP" signature="click_on_chapter()[pri:0, instance:Test_Cases.Average_ScorepageLoadtime_SingleWorksheet@576f63f6]" name="click_on_chapter" duration-ms="0" started-at="2017-12-29T15:51:56Z" depends-on-methods="Test_Cases.Average_ScorepageLoadtime_SingleWorksheet.click_on_book" finished-at="2017-12-29T15:51:56Z">
          <exception class="java.lang.Throwable">
            <message>
              <![CDATA[Method Average_ScorepageLoadtime_SingleWorksheet.click_on_chapter()[pri:0, instance:Test_Cases.Average_ScorepageLoadtime_SingleWorksheet@576f63f6] depends on not successfully finished methods]]>
            </message>
            <full-stacktrace>
              <![CDATA[java.lang.Throwable: Method Average_ScorepageLoadtime_SingleWorksheet.click_on_chapter()[pri:0, instance:Test_Cases.Average_ScorepageLoadtime_SingleWorksheet@576f63f6] depends on not successfully finished methods
	at org.testng.internal.Invoker.invokeTestMethods(Invoker.java:1068)
	at org.testng.internal.TestMethodWorker.invokeTestMethods(TestMethodWorker.java:129)
	at org.testng.internal.TestMethodWorker.run(TestMethodWorker.java:112)
	at org.testng.TestRunner.privateRun(TestRunner.java:756)
	at org.testng.TestRunner.run(TestRunner.java:610)
	at org.testng.SuiteRunner.runTest(SuiteRunner.java:387)
	at org.testng.SuiteRunner.runSequentially(SuiteRunner.java:382)
	at org.testng.SuiteRunner.privateRun(SuiteRunner.java:340)
	at org.testng.SuiteRunner.run(SuiteRunner.java:289)
	at org.testng.SuiteRunnerWorker.runSuite(SuiteRunnerWorker.java:52)
	at org.testng.SuiteRunnerWorker.run(SuiteRunnerWorker.java:86)
	at org.testng.TestNG.runSuitesSequentially(TestNG.java:1293)
	at org.testng.TestNG.runSuitesLocally(TestNG.java:1218)
	at org.testng.TestNG.runSuites(TestNG.java:1133)
	at org.testng.TestNG.run(TestNG.java:1104)
	at org.testng.remote.AbstractRemoteTestNG.run(AbstractRemoteTestNG.java:114)
	at org.testng.remote.RemoteTestNG.initAndRun(RemoteTestNG.java:251)
	at org.testng.remote.RemoteTestNG.main(RemoteTestNG.java:77)
]]>
            </full-stacktrace>
          </exception> <!-- java.lang.Throwable -->
          <reporter-output>
          </reporter-output>
        </test-method> <!-- click_on_chapter -->
        <test-method status="SKIP" signature="click_on_worksheet()[pri:0, instance:Test_Cases.Average_ScorepageLoadtime_SingleWorksheet@576f63f6]" name="click_on_worksheet" duration-ms="0" started-at="2017-12-29T15:51:56Z" depends-on-methods="Test_Cases.Average_ScorepageLoadtime_SingleWorksheet.click_on_chapter" finished-at="2017-12-29T15:51:56Z">
          <exception class="java.lang.Throwable">
            <message>
              <![CDATA[Method Average_ScorepageLoadtime_SingleWorksheet.click_on_worksheet()[pri:0, instance:Test_Cases.Average_ScorepageLoadtime_SingleWorksheet@576f63f6] depends on not successfully finished methods]]>
            </message>
            <full-stacktrace>
              <![CDATA[java.lang.Throwable: Method Average_ScorepageLoadtime_SingleWorksheet.click_on_worksheet()[pri:0, instance:Test_Cases.Average_ScorepageLoadtime_SingleWorksheet@576f63f6] depends on not successfully finished methods
	at org.testng.internal.Invoker.invokeTestMethods(Invoker.java:1068)
	at org.testng.internal.TestMethodWorker.invokeTestMethods(TestMethodWorker.java:129)
	at org.testng.internal.TestMethodWorker.run(TestMethodWorker.java:112)
	at org.testng.TestRunner.privateRun(TestRunner.java:756)
	at org.testng.TestRunner.run(TestRunner.java:610)
	at org.testng.SuiteRunner.runTest(SuiteRunner.java:387)
	at org.testng.SuiteRunner.runSequentially(SuiteRunner.java:382)
	at org.testng.SuiteRunner.privateRun(SuiteRunner.java:340)
	at org.testng.SuiteRunner.run(SuiteRunner.java:289)
	at org.testng.SuiteRunnerWorker.runSuite(SuiteRunnerWorker.java:52)
	at org.testng.SuiteRunnerWorker.run(SuiteRunnerWorker.java:86)
	at org.testng.TestNG.runSuitesSequentially(TestNG.java:1293)
	at org.testng.TestNG.runSuitesLocally(TestNG.java:1218)
	at org.testng.TestNG.runSuites(TestNG.java:1133)
	at org.testng.TestNG.run(TestNG.java:1104)
	at org.testng.remote.AbstractRemoteTestNG.run(AbstractRemoteTestNG.java:114)
	at org.testng.remote.RemoteTestNG.initAndRun(RemoteTestNG.java:251)
	at org.testng.remote.RemoteTestNG.main(RemoteTestNG.java:77)
]]>
            </full-stacktrace>
          </exception> <!-- java.lang.Throwable -->
          <reporter-output>
          </reporter-output>
        </test-method> <!-- click_on_worksheet -->
        <test-method status="SKIP" signature="calculate_avg()[pri:0, instance:Test_Cases.Average_ScorepageLoadtime_SingleWorksheet@576f63f6]" name="calculate_avg" duration-ms="0" started-at="2017-12-29T15:51:56Z" depends-on-methods="Test_Cases.Average_ScorepageLoadtime_SingleWorksheet.click_on_worksheet" finished-at="2017-12-29T15:51:56Z">
          <exception class="java.lang.Throwable">
            <message>
              <![CDATA[Method Average_ScorepageLoadtime_SingleWorksheet.calculate_avg()[pri:0, instance:Test_Cases.Average_ScorepageLoadtime_SingleWorksheet@576f63f6] depends on not successfully finished methods]]>
            </message>
            <full-stacktrace>
              <![CDATA[java.lang.Throwable: Method Average_ScorepageLoadtime_SingleWorksheet.calculate_avg()[pri:0, instance:Test_Cases.Average_ScorepageLoadtime_SingleWorksheet@576f63f6] depends on not successfully finished methods
	at org.testng.internal.Invoker.invokeTestMethods(Invoker.java:1068)
	at org.testng.internal.TestMethodWorker.invokeTestMethods(TestMethodWorker.java:129)
	at org.testng.internal.TestMethodWorker.run(TestMethodWorker.java:112)
	at org.testng.TestRunner.privateRun(TestRunner.java:756)
	at org.testng.TestRunner.run(TestRunner.java:610)
	at org.testng.SuiteRunner.runTest(SuiteRunner.java:387)
	at org.testng.SuiteRunner.runSequentially(SuiteRunner.java:382)
	at org.testng.SuiteRunner.privateRun(SuiteRunner.java:340)
	at org.testng.SuiteRunner.run(SuiteRunner.java:289)
	at org.testng.SuiteRunnerWorker.runSuite(SuiteRunnerWorker.java:52)
	at org.testng.SuiteRunnerWorker.run(SuiteRunnerWorker.java:86)
	at org.testng.TestNG.runSuitesSequentially(TestNG.java:1293)
	at org.testng.TestNG.runSuitesLocally(TestNG.java:1218)
	at org.testng.TestNG.runSuites(TestNG.java:1133)
	at org.testng.TestNG.run(TestNG.java:1104)
	at org.testng.remote.AbstractRemoteTestNG.run(AbstractRemoteTestNG.java:114)
	at org.testng.remote.RemoteTestNG.initAndRun(RemoteTestNG.java:251)
	at org.testng.remote.RemoteTestNG.main(RemoteTestNG.java:77)
]]>
            </full-stacktrace>
          </exception> <!-- java.lang.Throwable -->
          <reporter-output>
          </reporter-output>
        </test-method> <!-- calculate_avg -->
        <test-method status="PASS" signature="teardown()[pri:0, instance:Test_Cases.Average_ScorepageLoadtime_SingleWorksheet@576f63f6]" name="teardown" is-config="true" duration-ms="5166" started-at="2017-12-29T15:51:56Z" finished-at="2017-12-29T15:52:01Z">
          <reporter-output>
          </reporter-output>
        </test-method> <!-- teardown -->
      </class> <!-- Test_Cases.Average_ScorepageLoadtime_SingleWorksheet -->
    </test> <!-- Default test -->
  </suite> <!-- Default suite -->
</testng-results>
